{
  "RSpec": {
    "coverage": {
      "/Users/joanneyoung/Makersbnb/app.rb": {
        "lines": [
          1,
          1,
          null,
          1,
          1,
          null,
          1,
          1,
          null,
          null,
          1,
          1,
          null,
          null,
          1,
          1,
          1,
          1,
          null,
          null,
          1,
          1,
          1,
          null,
          null,
          null
        ]
      },
      "/Users/joanneyoung/Makersbnb/space.rb": {
        "lines": [
          1,
          null,
          1,
          null,
          1,
          3,
          null,
          null,
          null
        ]
      },
      "/Users/joanneyoung/Makersbnb/spec/features/capybara_framework_spec.rb": {
        "lines": [
          1,
          1,
          1,
          1,
          null,
          null
        ]
      },
      "/Users/joanneyoung/Makersbnb/spec/features/new_space_spec.rb": {
        "lines": [
          1,
          1,
          1,
          1,
          1,
          1,
          null,
          null
        ]
      },
      "/Users/joanneyoung/Makersbnb/spec/units/space_spec.rb": {
        "lines": [
          1,
          null,
          1,
          null,
          3,
          null,
          1,
          1,
          1,
          null,
          null,
          1,
          1,
          null,
          null,
          null
        ]
      },
      "/Users/joanneyoung/Makersbnb/spec/units/testing_framework_spec.rb": {
        "lines": [

        ]
      }
    },
    "timestamp": 1589812938
  }
}
